{"/home/taciakowo/moje_projekty/apps_script/footing/src/modules/category.js": {"path":"/home/taciakowo/moje_projekty/apps_script/footing/src/modules/category.js","statementMap":{"0":{"start":{"line":6,"column":0},"end":{"line":6,"column":16}},"1":{"start":{"line":8,"column":20},"end":{"line":8,"column":24}},"2":{"start":{"line":11,"column":2},"end":{"line":13,"column":3}},"3":{"start":{"line":12,"column":4},"end":{"line":12,"column":25}},"4":{"start":{"line":15,"column":19},"end":{"line":15,"column":32}},"5":{"start":{"line":16,"column":14},"end":{"line":16,"column":87}},"6":{"start":{"line":17,"column":19},"end":{"line":17,"column":48}},"7":{"start":{"line":19,"column":2},"end":{"line":27,"column":3}},"8":{"start":{"line":20,"column":4},"end":{"line":25,"column":6}},"9":{"start":{"line":26,"column":4},"end":{"line":26,"column":14}},"10":{"start":{"line":29,"column":2},"end":{"line":29,"column":80}},"11":{"start":{"line":29,"column":50},"end":{"line":29,"column":78}},"12":{"start":{"line":30,"column":2},"end":{"line":30,"column":23}},"13":{"start":{"line":34,"column":21},"end":{"line":34,"column":44}},"14":{"start":{"line":38,"column":0},"end":{"line":38,"column":59}}},"fnMap":{"0":{"name":"fetchProductCategories","decl":{"start":{"line":10,"column":16},"end":{"line":10,"column":38}},"loc":{"start":{"line":10,"column":41},"end":{"line":31,"column":1}},"line":10},"1":{"name":"(anonymous_1)","decl":{"start":{"line":29,"column":36},"end":{"line":29,"column":37}},"loc":{"start":{"line":29,"column":50},"end":{"line":29,"column":78}},"line":29},"2":{"name":"getCategory","decl":{"start":{"line":33,"column":16},"end":{"line":33,"column":27}},"loc":{"start":{"line":33,"column":30},"end":{"line":36,"column":1}},"line":33}},"branchMap":{"0":{"loc":{"start":{"line":11,"column":2},"end":{"line":13,"column":3}},"type":"if","locations":[{"start":{"line":11,"column":2},"end":{"line":13,"column":3}},{"start":{},"end":{}}],"line":11},"1":{"loc":{"start":{"line":19,"column":2},"end":{"line":27,"column":3}},"type":"if","locations":[{"start":{"line":19,"column":2},"end":{"line":27,"column":3}},{"start":{},"end":{}}],"line":19}},"s":{"0":1,"1":1,"2":1,"3":0,"4":1,"5":1,"6":1,"7":1,"8":0,"9":0,"10":0,"11":0,"12":0,"13":0,"14":1},"f":{"0":1,"1":0,"2":0},"b":{"0":[0,1],"1":[0,0]},"_coverageSchema":"1a1c01bbd47fc00a2c39e90264f33305004495a9","hash":"b2b729f05df690e409793e490cc8856b063171e2"}
,"/home/taciakowo/moje_projekty/apps_script/footing/src/modules/inventory.js": {"path":"/home/taciakowo/moje_projekty/apps_script/footing/src/modules/inventory.js","statementMap":{"0":{"start":{"line":6,"column":0},"end":{"line":6,"column":16}},"1":{"start":{"line":15,"column":2},"end":{"line":32,"column":3}},"2":{"start":{"line":16,"column":20},"end":{"line":16,"column":40}},"3":{"start":{"line":17,"column":21},"end":{"line":17,"column":34}},"4":{"start":{"line":18,"column":18},"end":{"line":20,"column":5}},"5":{"start":{"line":21,"column":4},"end":{"line":21,"column":76}},"6":{"start":{"line":21,"column":16},"end":{"line":21,"column":76}},"7":{"start":{"line":23,"column":22},"end":{"line":25,"column":6}},"8":{"start":{"line":26,"column":4},"end":{"line":26,"column":56}},"9":{"start":{"line":28,"column":4},"end":{"line":28,"column":61}},"10":{"start":{"line":30,"column":4},"end":{"line":30,"column":68}},"11":{"start":{"line":31,"column":4},"end":{"line":31,"column":16}},"12":{"start":{"line":39,"column":15},"end":{"line":39,"column":42}},"13":{"start":{"line":40,"column":2},"end":{"line":48,"column":3}},"14":{"start":{"line":41,"column":4},"end":{"line":46,"column":6}},"15":{"start":{"line":47,"column":4},"end":{"line":47,"column":11}},"16":{"start":{"line":50,"column":2},"end":{"line":87,"column":3}},"17":{"start":{"line":51,"column":20},"end":{"line":51,"column":40}},"18":{"start":{"line":52,"column":21},"end":{"line":52,"column":34}},"19":{"start":{"line":53,"column":18},"end":{"line":55,"column":5}},"20":{"start":{"line":56,"column":4},"end":{"line":56,"column":75}},"21":{"start":{"line":56,"column":16},"end":{"line":56,"column":75}},"22":{"start":{"line":58,"column":17},"end":{"line":58,"column":49}},"23":{"start":{"line":59,"column":20},"end":{"line":59,"column":27}},"24":{"start":{"line":61,"column":20},"end":{"line":61,"column":41}},"25":{"start":{"line":62,"column":23},"end":{"line":62,"column":56}},"26":{"start":{"line":64,"column":4},"end":{"line":80,"column":7}},"27":{"start":{"line":65,"column":24},"end":{"line":65,"column":36}},"28":{"start":{"line":66,"column":25},"end":{"line":66,"column":59}},"29":{"start":{"line":68,"column":6},"end":{"line":68,"column":29}},"30":{"start":{"line":68,"column":22},"end":{"line":68,"column":29}},"31":{"start":{"line":70,"column":18},"end":{"line":70,"column":80}},"32":{"start":{"line":71,"column":23},"end":{"line":71,"column":52}},"33":{"start":{"line":73,"column":6},"end":{"line":79,"column":7}},"34":{"start":{"line":74,"column":25},"end":{"line":74,"column":72}},"35":{"start":{"line":75,"column":8},"end":{"line":78,"column":9}},"36":{"start":{"line":76,"column":10},"end":{"line":76,"column":72}},"37":{"start":{"line":77,"column":10},"end":{"line":77,"column":72}},"38":{"start":{"line":82,"column":4},"end":{"line":82,"column":57}},"39":{"start":{"line":84,"column":4},"end":{"line":84,"column":64}},"40":{"start":{"line":86,"column":4},"end":{"line":86,"column":23}},"41":{"start":{"line":91,"column":0},"end":{"line":91,"column":59}},"42":{"start":{"line":92,"column":0},"end":{"line":92,"column":49}}},"fnMap":{"0":{"name":"updateInventoryHistory","decl":{"start":{"line":14,"column":16},"end":{"line":14,"column":38}},"loc":{"start":{"line":14,"column":62},"end":{"line":33,"column":1}},"line":14},"1":{"name":"syncStockBalanced","decl":{"start":{"line":38,"column":16},"end":{"line":38,"column":33}},"loc":{"start":{"line":38,"column":36},"end":{"line":88,"column":1}},"line":38},"2":{"name":"(anonymous_2)","decl":{"start":{"line":64,"column":26},"end":{"line":64,"column":27}},"loc":{"start":{"line":64,"column":35},"end":{"line":80,"column":5}},"line":64}},"branchMap":{"0":{"loc":{"start":{"line":21,"column":4},"end":{"line":21,"column":76}},"type":"if","locations":[{"start":{"line":21,"column":4},"end":{"line":21,"column":76}},{"start":{},"end":{}}],"line":21},"1":{"loc":{"start":{"line":40,"column":2},"end":{"line":48,"column":3}},"type":"if","locations":[{"start":{"line":40,"column":2},"end":{"line":48,"column":3}},{"start":{},"end":{}}],"line":40},"2":{"loc":{"start":{"line":56,"column":4},"end":{"line":56,"column":75}},"type":"if","locations":[{"start":{"line":56,"column":4},"end":{"line":56,"column":75}},{"start":{},"end":{}}],"line":56},"3":{"loc":{"start":{"line":66,"column":25},"end":{"line":66,"column":59}},"type":"binary-expr","locations":[{"start":{"line":66,"column":25},"end":{"line":66,"column":54}},{"start":{"line":66,"column":58},"end":{"line":66,"column":59}}],"line":66},"4":{"loc":{"start":{"line":68,"column":6},"end":{"line":68,"column":29}},"type":"if","locations":[{"start":{"line":68,"column":6},"end":{"line":68,"column":29}},{"start":{},"end":{}}],"line":68},"5":{"loc":{"start":{"line":73,"column":6},"end":{"line":79,"column":7}},"type":"if","locations":[{"start":{"line":73,"column":6},"end":{"line":79,"column":7}},{"start":{},"end":{}}],"line":73},"6":{"loc":{"start":{"line":74,"column":25},"end":{"line":74,"column":72}},"type":"binary-expr","locations":[{"start":{"line":74,"column":25},"end":{"line":74,"column":67}},{"start":{"line":74,"column":71},"end":{"line":74,"column":72}}],"line":74},"7":{"loc":{"start":{"line":75,"column":8},"end":{"line":78,"column":9}},"type":"if","locations":[{"start":{"line":75,"column":8},"end":{"line":78,"column":9}},{"start":{},"end":{}}],"line":75}},"s":{"0":1,"1":2,"2":2,"3":2,"4":2,"5":2,"6":0,"7":2,"8":2,"9":1,"10":1,"11":1,"12":1,"13":1,"14":0,"15":0,"16":1,"17":1,"18":1,"19":1,"20":1,"21":0,"22":1,"23":1,"24":1,"25":1,"26":1,"27":1,"28":1,"29":1,"30":0,"31":1,"32":1,"33":1,"34":1,"35":1,"36":1,"37":1,"38":0,"39":1,"40":1,"41":1,"42":1},"f":{"0":2,"1":1,"2":1},"b":{"0":[0,2],"1":[0,1],"2":[0,1],"3":[1,0],"4":[0,1],"5":[1,0],"6":[1,0],"7":[1,0]},"_coverageSchema":"1a1c01bbd47fc00a2c39e90264f33305004495a9","hash":"53218d60050a5f72b69f0e06703b108814d6f627"}
,"/home/taciakowo/moje_projekty/apps_script/footing/src/modules/products.js": {"path":"/home/taciakowo/moje_projekty/apps_script/footing/src/modules/products.js","statementMap":{"0":{"start":{"line":6,"column":0},"end":{"line":6,"column":16}},"1":{"start":{"line":12,"column":19},"end":{"line":12,"column":32}},"2":{"start":{"line":13,"column":16},"end":{"line":15,"column":3}},"3":{"start":{"line":16,"column":2},"end":{"line":16,"column":73}},"4":{"start":{"line":16,"column":14},"end":{"line":16,"column":73}},"5":{"start":{"line":18,"column":15},"end":{"line":18,"column":47}},"6":{"start":{"line":19,"column":18},"end":{"line":19,"column":25}},"7":{"start":{"line":21,"column":2},"end":{"line":28,"column":5}},"8":{"start":{"line":22,"column":24},"end":{"line":24,"column":5}},"9":{"start":{"line":23,"column":34},"end":{"line":23,"column":51}},"10":{"start":{"line":26,"column":16},"end":{"line":26,"column":78}},"11":{"start":{"line":27,"column":4},"end":{"line":27,"column":47}},"12":{"start":{"line":30,"column":2},"end":{"line":30,"column":58}},"13":{"start":{"line":39,"column":2},"end":{"line":47,"column":3}},"14":{"start":{"line":40,"column":4},"end":{"line":45,"column":6}},"15":{"start":{"line":46,"column":4},"end":{"line":46,"column":11}},"16":{"start":{"line":48,"column":18},"end":{"line":48,"column":60}},"17":{"start":{"line":48,"column":49},"end":{"line":48,"column":56}},"18":{"start":{"line":49,"column":19},"end":{"line":49,"column":32}},"19":{"start":{"line":50,"column":14},"end":{"line":50,"column":76}},"20":{"start":{"line":51,"column":19},"end":{"line":51,"column":57}},"21":{"start":{"line":52,"column":2},"end":{"line":57,"column":4}},"22":{"start":{"line":60,"column":0},"end":{"line":60,"column":53}},"23":{"start":{"line":67,"column":19},"end":{"line":67,"column":32}},"24":{"start":{"line":68,"column":14},"end":{"line":68,"column":63}},"25":{"start":{"line":70,"column":19},"end":{"line":70,"column":62}},"26":{"start":{"line":71,"column":2},"end":{"line":80,"column":3}},"27":{"start":{"line":72,"column":4},"end":{"line":72,"column":65}},"28":{"start":{"line":74,"column":4},"end":{"line":79,"column":6}},"29":{"start":{"line":89,"column":19},"end":{"line":89,"column":32}},"30":{"start":{"line":90,"column":14},"end":{"line":90,"column":76}},"31":{"start":{"line":91,"column":19},"end":{"line":91,"column":48}},"32":{"start":{"line":93,"column":2},"end":{"line":101,"column":3}},"33":{"start":{"line":94,"column":4},"end":{"line":99,"column":6}},"34":{"start":{"line":100,"column":4},"end":{"line":100,"column":74}},"35":{"start":{"line":103,"column":2},"end":{"line":103,"column":23}},"36":{"start":{"line":106,"column":0},"end":{"line":106,"column":43}}},"fnMap":{"0":{"name":"exportProductChanges","decl":{"start":{"line":11,"column":16},"end":{"line":11,"column":36}},"loc":{"start":{"line":11,"column":48},"end":{"line":31,"column":1}},"line":11},"1":{"name":"(anonymous_1)","decl":{"start":{"line":21,"column":24},"end":{"line":21,"column":25}},"loc":{"start":{"line":21,"column":33},"end":{"line":28,"column":3}},"line":21},"2":{"name":"(anonymous_2)","decl":{"start":{"line":23,"column":18},"end":{"line":23,"column":19}},"loc":{"start":{"line":23,"column":34},"end":{"line":23,"column":51}},"line":23},"3":{"name":"exportProductImages","decl":{"start":{"line":38,"column":16},"end":{"line":38,"column":35}},"loc":{"start":{"line":38,"column":55},"end":{"line":58,"column":1}},"line":38},"4":{"name":"(anonymous_4)","decl":{"start":{"line":48,"column":39},"end":{"line":48,"column":40}},"loc":{"start":{"line":48,"column":49},"end":{"line":48,"column":56}},"line":48},"5":{"name":"addNewProduct","decl":{"start":{"line":66,"column":16},"end":{"line":66,"column":29}},"loc":{"start":{"line":66,"column":43},"end":{"line":81,"column":1}},"line":66},"6":{"name":"getProductById","decl":{"start":{"line":88,"column":16},"end":{"line":88,"column":30}},"loc":{"start":{"line":88,"column":42},"end":{"line":104,"column":1}},"line":88}},"branchMap":{"0":{"loc":{"start":{"line":16,"column":2},"end":{"line":16,"column":73}},"type":"if","locations":[{"start":{"line":16,"column":2},"end":{"line":16,"column":73}},{"start":{},"end":{}}],"line":16},"1":{"loc":{"start":{"line":39,"column":2},"end":{"line":47,"column":3}},"type":"if","locations":[{"start":{"line":39,"column":2},"end":{"line":47,"column":3}},{"start":{},"end":{}}],"line":39},"2":{"loc":{"start":{"line":39,"column":6},"end":{"line":39,"column":36}},"type":"binary-expr","locations":[{"start":{"line":39,"column":6},"end":{"line":39,"column":13}},{"start":{"line":39,"column":17},"end":{"line":39,"column":36}}],"line":39},"3":{"loc":{"start":{"line":54,"column":4},"end":{"line":54,"column":49}},"type":"cond-expr","locations":[{"start":{"line":54,"column":30},"end":{"line":54,"column":39}},{"start":{"line":54,"column":42},"end":{"line":54,"column":49}}],"line":54},"4":{"loc":{"start":{"line":71,"column":2},"end":{"line":80,"column":3}},"type":"if","locations":[{"start":{"line":71,"column":2},"end":{"line":80,"column":3}},{"start":{"line":73,"column":9},"end":{"line":80,"column":3}}],"line":71},"5":{"loc":{"start":{"line":93,"column":2},"end":{"line":101,"column":3}},"type":"if","locations":[{"start":{"line":93,"column":2},"end":{"line":101,"column":3}},{"start":{},"end":{}}],"line":93}},"s":{"0":1,"1":1,"2":1,"3":1,"4":0,"5":1,"6":1,"7":1,"8":1,"9":4,"10":1,"11":1,"12":1,"13":0,"14":0,"15":0,"16":0,"17":0,"18":0,"19":0,"20":0,"21":0,"22":1,"23":1,"24":1,"25":1,"26":1,"27":0,"28":0,"29":0,"30":0,"31":0,"32":0,"33":0,"34":0,"35":0,"36":1},"f":{"0":1,"1":1,"2":4,"3":0,"4":0,"5":1,"6":0},"b":{"0":[0,1],"1":[0,0],"2":[0,0],"3":[0,0],"4":[0,0],"5":[0,0]},"_coverageSchema":"1a1c01bbd47fc00a2c39e90264f33305004495a9","hash":"5600af3823992c04bb905ec1f2c2e844f60dbb25"}
,"/home/taciakowo/moje_projekty/apps_script/footing/src/modules/sync.js": {"path":"/home/taciakowo/moje_projekty/apps_script/footing/src/modules/sync.js","statementMap":{"0":{"start":{"line":6,"column":0},"end":{"line":6,"column":16}},"1":{"start":{"line":12,"column":18},"end":{"line":12,"column":38}},"2":{"start":{"line":13,"column":2},"end":{"line":24,"column":3}},"3":{"start":{"line":14,"column":17},"end":{"line":14,"column":44}},"4":{"start":{"line":15,"column":4},"end":{"line":23,"column":5}},"5":{"start":{"line":16,"column":6},"end":{"line":21,"column":8}},"6":{"start":{"line":22,"column":6},"end":{"line":22,"column":13}},"7":{"start":{"line":26,"column":2},"end":{"line":103,"column":3}},"8":{"start":{"line":27,"column":21},"end":{"line":27,"column":34}},"9":{"start":{"line":28,"column":18},"end":{"line":30,"column":5}},"10":{"start":{"line":31,"column":17},"end":{"line":31,"column":49}},"11":{"start":{"line":32,"column":20},"end":{"line":32,"column":27}},"12":{"start":{"line":34,"column":28},"end":{"line":39,"column":5}},"13":{"start":{"line":40,"column":27},"end":{"line":42,"column":5}},"14":{"start":{"line":41,"column":15},"end":{"line":41,"column":37}},"15":{"start":{"line":44,"column":4},"end":{"line":52,"column":5}},"16":{"start":{"line":45,"column":6},"end":{"line":50,"column":8}},"17":{"start":{"line":51,"column":6},"end":{"line":51,"column":13}},"18":{"start":{"line":54,"column":20},"end":{"line":54,"column":41}},"19":{"start":{"line":55,"column":23},"end":{"line":55,"column":56}},"20":{"start":{"line":56,"column":30},"end":{"line":56,"column":62}},"21":{"start":{"line":57,"column":26},"end":{"line":57,"column":54}},"22":{"start":{"line":59,"column":4},"end":{"line":100,"column":7}},"23":{"start":{"line":60,"column":24},"end":{"line":60,"column":36}},"24":{"start":{"line":61,"column":6},"end":{"line":61,"column":29}},"25":{"start":{"line":61,"column":22},"end":{"line":61,"column":29}},"26":{"start":{"line":63,"column":25},"end":{"line":63,"column":59}},"27":{"start":{"line":64,"column":27},"end":{"line":64,"column":68}},"28":{"start":{"line":66,"column":18},"end":{"line":66,"column":80}},"29":{"start":{"line":67,"column":23},"end":{"line":67,"column":52}},"30":{"start":{"line":69,"column":6},"end":{"line":77,"column":7}},"31":{"start":{"line":70,"column":8},"end":{"line":75,"column":10}},"32":{"start":{"line":76,"column":8},"end":{"line":76,"column":15}},"33":{"start":{"line":79,"column":23},"end":{"line":79,"column":70}},"34":{"start":{"line":80,"column":6},"end":{"line":99,"column":7}},"35":{"start":{"line":81,"column":31},"end":{"line":83,"column":10}},"36":{"start":{"line":85,"column":8},"end":{"line":98,"column":9}},"37":{"start":{"line":86,"column":10},"end":{"line":86,"column":76}},"38":{"start":{"line":87,"column":10},"end":{"line":91,"column":14}},"39":{"start":{"line":92,"column":10},"end":{"line":97,"column":12}},"40":{"start":{"line":102,"column":4},"end":{"line":102,"column":64}}},"fnMap":{"0":{"name":"syncStockBalanced","decl":{"start":{"line":11,"column":16},"end":{"line":11,"column":33}},"loc":{"start":{"line":11,"column":36},"end":{"line":104,"column":1}},"line":11},"1":{"name":"(anonymous_1)","decl":{"start":{"line":41,"column":6},"end":{"line":41,"column":7}},"loc":{"start":{"line":41,"column":15},"end":{"line":41,"column":37}},"line":41},"2":{"name":"(anonymous_2)","decl":{"start":{"line":59,"column":26},"end":{"line":59,"column":27}},"loc":{"start":{"line":59,"column":38},"end":{"line":100,"column":5}},"line":59}},"branchMap":{"0":{"loc":{"start":{"line":13,"column":2},"end":{"line":24,"column":3}},"type":"if","locations":[{"start":{"line":13,"column":2},"end":{"line":24,"column":3}},{"start":{},"end":{}}],"line":13},"1":{"loc":{"start":{"line":15,"column":4},"end":{"line":23,"column":5}},"type":"if","locations":[{"start":{"line":15,"column":4},"end":{"line":23,"column":5}},{"start":{},"end":{}}],"line":15},"2":{"loc":{"start":{"line":44,"column":4},"end":{"line":52,"column":5}},"type":"if","locations":[{"start":{"line":44,"column":4},"end":{"line":52,"column":5}},{"start":{},"end":{}}],"line":44},"3":{"loc":{"start":{"line":61,"column":6},"end":{"line":61,"column":29}},"type":"if","locations":[{"start":{"line":61,"column":6},"end":{"line":61,"column":29}},{"start":{},"end":{}}],"line":61},"4":{"loc":{"start":{"line":63,"column":25},"end":{"line":63,"column":59}},"type":"binary-expr","locations":[{"start":{"line":63,"column":25},"end":{"line":63,"column":54}},{"start":{"line":63,"column":58},"end":{"line":63,"column":59}}],"line":63},"5":{"loc":{"start":{"line":64,"column":27},"end":{"line":64,"column":68}},"type":"binary-expr","locations":[{"start":{"line":64,"column":27},"end":{"line":64,"column":63}},{"start":{"line":64,"column":67},"end":{"line":64,"column":68}}],"line":64},"6":{"loc":{"start":{"line":69,"column":6},"end":{"line":77,"column":7}},"type":"if","locations":[{"start":{"line":69,"column":6},"end":{"line":77,"column":7}},{"start":{},"end":{}}],"line":69},"7":{"loc":{"start":{"line":79,"column":23},"end":{"line":79,"column":70}},"type":"binary-expr","locations":[{"start":{"line":79,"column":23},"end":{"line":79,"column":65}},{"start":{"line":79,"column":69},"end":{"line":79,"column":70}}],"line":79},"8":{"loc":{"start":{"line":80,"column":6},"end":{"line":99,"column":7}},"type":"if","locations":[{"start":{"line":80,"column":6},"end":{"line":99,"column":7}},{"start":{},"end":{}}],"line":80},"9":{"loc":{"start":{"line":80,"column":10},"end":{"line":80,"column":66}},"type":"binary-expr","locations":[{"start":{"line":80,"column":10},"end":{"line":80,"column":37}},{"start":{"line":80,"column":41},"end":{"line":80,"column":66}}],"line":80},"10":{"loc":{"start":{"line":85,"column":8},"end":{"line":98,"column":9}},"type":"if","locations":[{"start":{"line":85,"column":8},"end":{"line":98,"column":9}},{"start":{},"end":{}}],"line":85}},"s":{"0":1,"1":1,"2":1,"3":0,"4":0,"5":0,"6":0,"7":1,"8":1,"9":1,"10":1,"11":1,"12":1,"13":1,"14":4,"15":1,"16":0,"17":0,"18":1,"19":1,"20":1,"21":1,"22":1,"23":1,"24":1,"25":0,"26":1,"27":1,"28":1,"29":1,"30":1,"31":0,"32":0,"33":1,"34":1,"35":0,"36":0,"37":0,"38":0,"39":0,"40":0},"f":{"0":1,"1":4,"2":1},"b":{"0":[0,1],"1":[0,0],"2":[0,1],"3":[0,1],"4":[1,0],"5":[1,0],"6":[0,1],"7":[1,0],"8":[0,1],"9":[1,1],"10":[0,0]},"_coverageSchema":"1a1c01bbd47fc00a2c39e90264f33305004495a9","hash":"333143064321d8cc84c55c16047b2595542ca7e9"}
,"/home/taciakowo/moje_projekty/apps_script/footing/src/modules/parameters/fetch.js": {"path":"/home/taciakowo/moje_projekty/apps_script/footing/src/modules/parameters/fetch.js","statementMap":{"0":{"start":{"line":6,"column":0},"end":{"line":6,"column":16}},"1":{"start":{"line":13,"column":18},"end":{"line":13,"column":34}},"2":{"start":{"line":14,"column":21},"end":{"line":14,"column":45}},"3":{"start":{"line":15,"column":17},"end":{"line":15,"column":26}},"4":{"start":{"line":18,"column":2},"end":{"line":23,"column":5}},"5":{"start":{"line":19,"column":4},"end":{"line":22,"column":6}},"6":{"start":{"line":26,"column":2},"end":{"line":26,"column":61}},"7":{"start":{"line":26,"column":35},"end":{"line":26,"column":59}},"8":{"start":{"line":29,"column":2},"end":{"line":35,"column":3}},"9":{"start":{"line":30,"column":4},"end":{"line":34,"column":7}},"10":{"start":{"line":31,"column":18},"end":{"line":31,"column":48}},"11":{"start":{"line":32,"column":20},"end":{"line":32,"column":73}},"12":{"start":{"line":33,"column":6},"end":{"line":33,"column":29}},"13":{"start":{"line":38,"column":2},"end":{"line":49,"column":3}},"14":{"start":{"line":39,"column":4},"end":{"line":41,"column":7}},"15":{"start":{"line":40,"column":6},"end":{"line":40,"column":56}},"16":{"start":{"line":43,"column":4},"end":{"line":48,"column":6}},"17":{"start":{"line":51,"column":2},"end":{"line":51,"column":16}},"18":{"start":{"line":54,"column":0},"end":{"line":54,"column":65}}},"fnMap":{"0":{"name":"fetchAllProductParameters","decl":{"start":{"line":12,"column":16},"end":{"line":12,"column":41}},"loc":{"start":{"line":12,"column":44},"end":{"line":52,"column":1}},"line":12},"1":{"name":"(anonymous_1)","decl":{"start":{"line":18,"column":34},"end":{"line":18,"column":35}},"loc":{"start":{"line":18,"column":52},"end":{"line":23,"column":3}},"line":18},"2":{"name":"(anonymous_2)","decl":{"start":{"line":26,"column":21},"end":{"line":26,"column":22}},"loc":{"start":{"line":26,"column":35},"end":{"line":26,"column":59}},"line":26},"3":{"name":"(anonymous_3)","decl":{"start":{"line":30,"column":31},"end":{"line":30,"column":32}},"loc":{"start":{"line":30,"column":46},"end":{"line":34,"column":5}},"line":30},"4":{"name":"(anonymous_4)","decl":{"start":{"line":39,"column":27},"end":{"line":39,"column":28}},"loc":{"start":{"line":39,"column":45},"end":{"line":41,"column":5}},"line":39}},"branchMap":{"0":{"loc":{"start":{"line":21,"column":6},"end":{"line":21,"column":69}},"type":"cond-expr","locations":[{"start":{"line":21,"column":34},"end":{"line":21,"column":55}},{"start":{"line":21,"column":58},"end":{"line":21,"column":69}}],"line":21},"1":{"loc":{"start":{"line":21,"column":58},"end":{"line":21,"column":69}},"type":"binary-expr","locations":[{"start":{"line":21,"column":58},"end":{"line":21,"column":63}},{"start":{"line":21,"column":67},"end":{"line":21,"column":69}}],"line":21},"2":{"loc":{"start":{"line":29,"column":2},"end":{"line":35,"column":3}},"type":"if","locations":[{"start":{"line":29,"column":2},"end":{"line":35,"column":3}},{"start":{},"end":{}}],"line":29},"3":{"loc":{"start":{"line":32,"column":20},"end":{"line":32,"column":73}},"type":"cond-expr","locations":[{"start":{"line":32,"column":40},"end":{"line":32,"column":68}},{"start":{"line":32,"column":71},"end":{"line":32,"column":73}}],"line":32},"4":{"loc":{"start":{"line":38,"column":2},"end":{"line":49,"column":3}},"type":"if","locations":[{"start":{"line":38,"column":2},"end":{"line":49,"column":3}},{"start":{"line":42,"column":9},"end":{"line":49,"column":3}}],"line":38},"5":{"loc":{"start":{"line":40,"column":39},"end":{"line":40,"column":54}},"type":"binary-expr","locations":[{"start":{"line":40,"column":39},"end":{"line":40,"column":48}},{"start":{"line":40,"column":52},"end":{"line":40,"column":54}}],"line":40}},"s":{"0":1,"1":1,"2":1,"3":0,"4":0,"5":0,"6":0,"7":0,"8":0,"9":0,"10":0,"11":0,"12":0,"13":0,"14":0,"15":0,"16":0,"17":0,"18":1},"f":{"0":1,"1":0,"2":0,"3":0,"4":0},"b":{"0":[0,0],"1":[0,0],"2":[0,0],"3":[0,0],"4":[0,0],"5":[0,0]},"_coverageSchema":"1a1c01bbd47fc00a2c39e90264f33305004495a9","hash":"c6cb45141dedd903d6ff4447fc25290bab1c03b7"}
,"/home/taciakowo/moje_projekty/apps_script/footing/src/utils/dotenv.config.js": {"path":"/home/taciakowo/moje_projekty/apps_script/footing/src/utils/dotenv.config.js","statementMap":{"0":{"start":{"line":3,"column":0},"end":{"line":3,"column":16}}},"fnMap":{},"branchMap":{},"s":{"0":2},"f":{},"b":{},"_coverageSchema":"1a1c01bbd47fc00a2c39e90264f33305004495a9","hash":"fb57528bf2ac8f94b161921d937402919721fb30"}
,"/home/taciakowo/moje_projekty/apps_script/footing/src/utils/logger.js": {"path":"/home/taciakowo/moje_projekty/apps_script/footing/src/utils/logger.js","statementMap":{"0":{"start":{"line":11,"column":2},"end":{"line":21,"column":3}},"1":{"start":{"line":12,"column":18},"end":{"line":14,"column":5}},"2":{"start":{"line":15,"column":22},"end":{"line":17,"column":6}},"3":{"start":{"line":18,"column":4},"end":{"line":18,"column":72}},"4":{"start":{"line":20,"column":4},"end":{"line":20,"column":68}},"5":{"start":{"line":25,"column":0},"end":{"line":25,"column":31}}},"fnMap":{"0":{"name":"logEvent","decl":{"start":{"line":10,"column":16},"end":{"line":10,"column":24}},"loc":{"start":{"line":10,"column":78},"end":{"line":22,"column":1}},"line":10}},"branchMap":{"0":{"loc":{"start":{"line":10,"column":46},"end":{"line":10,"column":62}},"type":"default-arg","locations":[{"start":{"line":10,"column":58},"end":{"line":10,"column":62}}],"line":10},"1":{"loc":{"start":{"line":10,"column":64},"end":{"line":10,"column":76}},"type":"default-arg","locations":[{"start":{"line":10,"column":72},"end":{"line":10,"column":76}}],"line":10}},"s":{"0":3,"1":3,"2":3,"3":3,"4":2,"5":2},"f":{"0":3},"b":{"0":[0],"1":[0]},"_coverageSchema":"1a1c01bbd47fc00a2c39e90264f33305004495a9","hash":"18a38b265c6e3045d4dc407ba436e11c0f357ffc"}
,"/home/taciakowo/moje_projekty/apps_script/footing/src/utils/spreadsheet.js": {"path":"/home/taciakowo/moje_projekty/apps_script/footing/src/utils/spreadsheet.js","statementMap":{"0":{"start":{"line":3,"column":0},"end":{"line":3,"column":16}},"1":{"start":{"line":10,"column":2},"end":{"line":17,"column":4}}},"fnMap":{"0":{"name":"getSettings","decl":{"start":{"line":9,"column":16},"end":{"line":9,"column":27}},"loc":{"start":{"line":9,"column":30},"end":{"line":18,"column":1}},"line":9}},"branchMap":{},"s":{"0":4,"1":4},"f":{"0":4},"b":{},"_coverageSchema":"1a1c01bbd47fc00a2c39e90264f33305004495a9","hash":"ea7a10130e56a5b41b234a38047ea8e97000532d"}
}
