TN:
SF:src/modules/category.js
FN:10,fetchProductCategories
FN:29,(anonymous_1)
FN:33,getCategory
FNF:3
FNH:1
FNDA:1,fetchProductCategories
FNDA:0,(anonymous_1)
FNDA:0,getCategory
DA:6,1
DA:8,1
DA:11,1
DA:12,0
DA:15,1
DA:16,1
DA:17,1
DA:19,1
DA:20,0
DA:26,0
DA:29,0
DA:30,0
DA:34,0
DA:38,1
LF:14
LH:8
BRDA:11,0,0,0
BRDA:11,0,1,1
BRDA:19,1,0,0
BRDA:19,1,1,0
BRF:4
BRH:1
end_of_record
TN:
SF:src/modules/inventory.js
FN:14,updateInventoryHistory
FN:38,syncStockBalanced
FN:64,(anonymous_2)
FNF:3
FNH:3
FNDA:2,updateInventoryHistory
FNDA:1,syncStockBalanced
FNDA:1,(anonymous_2)
DA:6,1
DA:15,2
DA:16,2
DA:17,2
DA:18,2
DA:21,2
DA:23,2
DA:26,2
DA:28,1
DA:30,1
DA:31,1
DA:39,1
DA:40,1
DA:41,0
DA:47,0
DA:50,1
DA:51,1
DA:52,1
DA:53,1
DA:56,1
DA:58,1
DA:59,1
DA:61,1
DA:62,1
DA:64,1
DA:65,1
DA:66,1
DA:68,1
DA:70,1
DA:71,1
DA:73,1
DA:74,1
DA:75,1
DA:76,1
DA:77,1
DA:82,0
DA:84,1
DA:86,1
DA:91,1
DA:92,1
LF:40
LH:37
BRDA:21,0,0,0
BRDA:21,0,1,2
BRDA:40,1,0,0
BRDA:40,1,1,1
BRDA:56,2,0,0
BRDA:56,2,1,1
BRDA:66,3,0,1
BRDA:66,3,1,0
BRDA:68,4,0,0
BRDA:68,4,1,1
BRDA:73,5,0,1
BRDA:73,5,1,0
BRDA:74,6,0,1
BRDA:74,6,1,0
BRDA:75,7,0,1
BRDA:75,7,1,0
BRF:16
BRH:8
end_of_record
TN:
SF:src/modules/products.js
FN:11,exportProductChanges
FN:21,(anonymous_1)
FN:23,(anonymous_2)
FN:38,exportProductImages
FN:48,(anonymous_4)
FN:66,addNewProduct
FN:88,getProductById
FNF:7
FNH:4
FNDA:1,exportProductChanges
FNDA:1,(anonymous_1)
FNDA:4,(anonymous_2)
FNDA:0,exportProductImages
FNDA:0,(anonymous_4)
FNDA:1,addNewProduct
FNDA:0,getProductById
DA:6,1
DA:12,1
DA:13,1
DA:16,1
DA:18,1
DA:19,1
DA:21,1
DA:22,1
DA:23,4
DA:26,1
DA:27,1
DA:30,1
DA:39,0
DA:40,0
DA:46,0
DA:48,0
DA:49,0
DA:50,0
DA:51,0
DA:52,0
DA:60,1
DA:67,1
DA:68,1
DA:70,1
DA:71,1
DA:72,0
DA:74,0
DA:89,0
DA:90,0
DA:91,0
DA:93,0
DA:94,0
DA:100,0
DA:103,0
DA:106,1
LF:35
LH:18
BRDA:16,0,0,0
BRDA:16,0,1,1
BRDA:39,1,0,0
BRDA:39,1,1,0
BRDA:39,2,0,0
BRDA:39,2,1,0
BRDA:54,3,0,0
BRDA:54,3,1,0
BRDA:71,4,0,0
BRDA:71,4,1,0
BRDA:93,5,0,0
BRDA:93,5,1,0
BRF:12
BRH:1
end_of_record
TN:
SF:src/modules/sync.js
FN:11,syncStockBalanced
FN:41,(anonymous_1)
FN:59,(anonymous_2)
FNF:3
FNH:3
FNDA:1,syncStockBalanced
FNDA:4,(anonymous_1)
FNDA:1,(anonymous_2)
DA:6,1
DA:12,1
DA:13,1
DA:14,0
DA:15,0
DA:16,0
DA:22,0
DA:26,1
DA:27,1
DA:28,1
DA:31,1
DA:32,1
DA:34,1
DA:40,1
DA:41,4
DA:44,1
DA:45,0
DA:51,0
DA:54,1
DA:55,1
DA:56,1
DA:57,1
DA:59,1
DA:60,1
DA:61,1
DA:63,1
DA:64,1
DA:66,1
DA:67,1
DA:69,1
DA:70,0
DA:76,0
DA:79,1
DA:80,1
DA:81,0
DA:85,0
DA:86,0
DA:87,0
DA:92,0
DA:102,0
LF:40
LH:26
BRDA:13,0,0,0
BRDA:13,0,1,1
BRDA:15,1,0,0
BRDA:15,1,1,0
BRDA:44,2,0,0
BRDA:44,2,1,1
BRDA:61,3,0,0
BRDA:61,3,1,1
BRDA:63,4,0,1
BRDA:63,4,1,0
BRDA:64,5,0,1
BRDA:64,5,1,0
BRDA:69,6,0,0
BRDA:69,6,1,1
BRDA:79,7,0,1
BRDA:79,7,1,0
BRDA:80,8,0,0
BRDA:80,8,1,1
BRDA:80,9,0,1
BRDA:80,9,1,1
BRDA:85,10,0,0
BRDA:85,10,1,0
BRF:22
BRH:10
end_of_record
TN:
SF:src/modules/parameters/fetch.js
FN:12,fetchAllProductParameters
FN:18,(anonymous_1)
FN:26,(anonymous_2)
FN:30,(anonymous_3)
FN:39,(anonymous_4)
FNF:5
FNH:1
FNDA:1,fetchAllProductParameters
FNDA:0,(anonymous_1)
FNDA:0,(anonymous_2)
FNDA:0,(anonymous_3)
FNDA:0,(anonymous_4)
DA:6,1
DA:13,1
DA:14,1
DA:15,0
DA:18,0
DA:19,0
DA:26,0
DA:29,0
DA:30,0
DA:31,0
DA:32,0
DA:33,0
DA:38,0
DA:39,0
DA:40,0
DA:43,0
DA:51,0
DA:54,1
LF:18
LH:4
BRDA:21,0,0,0
BRDA:21,0,1,0
BRDA:21,1,0,0
BRDA:21,1,1,0
BRDA:29,2,0,0
BRDA:29,2,1,0
BRDA:32,3,0,0
BRDA:32,3,1,0
BRDA:38,4,0,0
BRDA:38,4,1,0
BRDA:40,5,0,0
BRDA:40,5,1,0
BRF:12
BRH:0
end_of_record
TN:
SF:src/utils/dotenv.config.js
FNF:0
FNH:0
DA:3,2
LF:1
LH:1
BRF:0
BRH:0
end_of_record
TN:
SF:src/utils/logger.js
FN:10,logEvent
FNF:1
FNH:1
FNDA:3,logEvent
DA:11,3
DA:12,3
DA:15,3
DA:18,3
DA:20,2
DA:25,2
LF:6
LH:6
BRDA:10,0,0,0
BRDA:10,1,0,0
BRF:2
BRH:0
end_of_record
TN:
SF:src/utils/spreadsheet.js
FN:9,getSettings
FNF:1
FNH:1
FNDA:4,getSettings
DA:3,4
DA:10,4
LF:2
LH:2
BRF:0
BRH:0
end_of_record
